mode: count
jsonutil/equalChecker.go:33.67,34.36 1 37
jsonutil/equalChecker.go:37.2,37.33 1 35
jsonutil/equalChecker.go:102.2,102.14 1 6
jsonutil/equalChecker.go:34.36,36.3 1 2
jsonutil/equalChecker.go:38.2,40.9 2 3
jsonutil/equalChecker.go:45.2,47.9 2 3
jsonutil/equalChecker.go:52.2,54.9 2 5
jsonutil/equalChecker.go:59.2,61.9 2 5
jsonutil/equalChecker.go:64.2,66.41 2 2
jsonutil/equalChecker.go:67.2,69.44 2 2
jsonutil/equalChecker.go:70.2,72.43 2 6
jsonutil/equalChecker.go:73.2,76.9 2 2
jsonutil/equalChecker.go:79.2,81.9 2 4
jsonutil/equalChecker.go:86.2,88.9 2 2
jsonutil/equalChecker.go:99.2,100.140 1 1
jsonutil/equalChecker.go:40.9,41.24 1 3
jsonutil/equalChecker.go:41.24,43.5 1 1
jsonutil/equalChecker.go:47.9,48.24 1 3
jsonutil/equalChecker.go:48.24,50.5 1 2
jsonutil/equalChecker.go:54.9,55.24 1 5
jsonutil/equalChecker.go:55.24,57.5 1 4
jsonutil/equalChecker.go:61.9,63.4 1 5
jsonutil/equalChecker.go:76.9,78.4 1 2
jsonutil/equalChecker.go:81.9,82.24 1 4
jsonutil/equalChecker.go:82.24,84.5 1 3
jsonutil/equalChecker.go:88.9,91.31 3 2
jsonutil/equalChecker.go:94.4,94.31 1 2
jsonutil/equalChecker.go:97.4,97.44 1 2
jsonutil/equalChecker.go:91.31,93.5 1 4
jsonutil/equalChecker.go:94.31,96.5 1 3
jsonutil/equalChecker.go:106.110,107.32 1 6
jsonutil/equalChecker.go:115.2,115.14 1 3
jsonutil/equalChecker.go:107.32,108.28 1 3
jsonutil/equalChecker.go:113.3,113.14 1 2
jsonutil/equalChecker.go:108.28,109.50 1 5
jsonutil/equalChecker.go:109.50,111.5 1 1
jsonutil/equalChecker.go:119.57,120.32 1 6
jsonutil/equalChecker.go:128.2,128.14 1 2
jsonutil/equalChecker.go:120.32,121.28 1 4
jsonutil/equalChecker.go:126.3,126.14 1 2
jsonutil/equalChecker.go:121.28,122.22 1 9
jsonutil/equalChecker.go:122.22,124.5 1 2
jsonutil/equalChecker.go:132.66,133.32 1 6
jsonutil/equalChecker.go:141.2,141.14 1 2
jsonutil/equalChecker.go:133.32,134.28 1 4
jsonutil/equalChecker.go:139.3,139.14 1 2
jsonutil/equalChecker.go:134.28,135.22 1 9
jsonutil/equalChecker.go:135.22,137.5 1 2
jsonutil/equalChecker.go:145.63,146.32 1 10
jsonutil/equalChecker.go:154.2,154.14 1 2
jsonutil/equalChecker.go:146.32,147.28 1 8
jsonutil/equalChecker.go:152.3,152.14 1 4
jsonutil/equalChecker.go:147.28,148.22 1 17
jsonutil/equalChecker.go:148.22,150.5 1 4
jsonutil/equalChecker.go:158.97,159.28 1 15
jsonutil/equalChecker.go:167.2,167.14 1 3
jsonutil/equalChecker.go:159.28,160.34 1 12
jsonutil/equalChecker.go:165.3,165.14 1 8
jsonutil/equalChecker.go:160.34,161.44 1 13
jsonutil/equalChecker.go:161.44,163.5 1 4
